Reading netlist file: "Q:\Digital_IC_Design\VDHL_Experiment_Design_Course\LCD_display_Counter\impl\gwsynthesis\LCD_display_Counter.vg"
Parsing netlist file "Q:\Digital_IC_Design\VDHL_Experiment_Design_Course\LCD_display_Counter\impl\gwsynthesis\LCD_display_Counter.vg" completed
Processing netlist completed
Reading constraint file: "Q:\Digital_IC_Design\VDHL_Experiment_Design_Course\LCD_display_Counter\src\LCD_display_Counter.cst"
Physical Constraint parsed completed
Running placement......
[10%] Placement Phase 0 completed
[20%] Placement Phase 1 completed
[30%] Placement Phase 2 completed
[50%] Placement Phase 3 completed
Running routing......
[60%] Routing Phase 0 completed
[70%] Routing Phase 1 completed
[80%] Routing Phase 2 completed
[90%] Routing Phase 3 completed
Running timing analysis......
[95%] Timing analysis completed
Placement and routing completed
Bitstream generation in progress......
Bitstream generation completed
Running power analysis......
[100%] Power analysis completed
Generate file "Q:\Digital_IC_Design\VDHL_Experiment_Design_Course\LCD_display_Counter\impl\pnr\LCD_display_Counter.power.html" completed
Generate file "Q:\Digital_IC_Design\VDHL_Experiment_Design_Course\LCD_display_Counter\impl\pnr\LCD_display_Counter.pin.html" completed
Generate file "Q:\Digital_IC_Design\VDHL_Experiment_Design_Course\LCD_display_Counter\impl\pnr\LCD_display_Counter.rpt.html" completed
Generate file "Q:\Digital_IC_Design\VDHL_Experiment_Design_Course\LCD_display_Counter\impl\pnr\LCD_display_Counter.rpt.txt" completed
Generate file "Q:\Digital_IC_Design\VDHL_Experiment_Design_Course\LCD_display_Counter\impl\pnr\LCD_display_Counter.tr.html" completed
Sun Jun 23 23:59:34 2024

