Reading netlist file: "Q:\Digital_IC_Design\VDHL_Experiment_Design_Course\Clock\impl\gwsynthesis\Clock.vg"
Parsing netlist file "Q:\Digital_IC_Design\VDHL_Experiment_Design_Course\Clock\impl\gwsynthesis\Clock.vg" completed
Processing netlist completed
Reading constraint file: "Q:\Digital_IC_Design\VDHL_Experiment_Design_Course\Clock\src\Clock.cst"
Physical Constraint parsed completed
Running placement......
[10%] Placement Phase 0 completed
[20%] Placement Phase 1 completed
[30%] Placement Phase 2 completed
[50%] Placement Phase 3 completed
Running routing......
[60%] Routing Phase 0 completed
[70%] Routing Phase 1 completed
[80%] Routing Phase 2 completed
[90%] Routing Phase 3 completed
Running timing analysis......
[95%] Timing analysis completed
Placement and routing completed
Bitstream generation in progress......
Bitstream generation completed
Running power analysis......
[100%] Power analysis completed
Generate file "Q:\Digital_IC_Design\VDHL_Experiment_Design_Course\Clock\impl\pnr\Clock.power.html" completed
Generate file "Q:\Digital_IC_Design\VDHL_Experiment_Design_Course\Clock\impl\pnr\Clock.pin.html" completed
Generate file "Q:\Digital_IC_Design\VDHL_Experiment_Design_Course\Clock\impl\pnr\Clock.rpt.html" completed
Generate file "Q:\Digital_IC_Design\VDHL_Experiment_Design_Course\Clock\impl\pnr\Clock.rpt.txt" completed
Generate file "Q:\Digital_IC_Design\VDHL_Experiment_Design_Course\Clock\impl\pnr\Clock.tr.html" completed
Fri Jun 14 01:19:52 2024

