Reading netlist file: "Q:\Digital_IC_Design\VDHL_Experiment_Design_Course\HourTimer\impl\gwsynthesis\HourTimer.vg"
Parsing netlist file "Q:\Digital_IC_Design\VDHL_Experiment_Design_Course\HourTimer\impl\gwsynthesis\HourTimer.vg" completed
Processing netlist completed
Reading constraint file: "Q:\Digital_IC_Design\VDHL_Experiment_Design_Course\HourTimer\src\HourTimer.cst"
Physical Constraint parsed completed
Running placement......
[10%] Placement Phase 0 completed
[20%] Placement Phase 1 completed
[30%] Placement Phase 2 completed
[50%] Placement Phase 3 completed
Running routing......
[60%] Routing Phase 0 completed
[70%] Routing Phase 1 completed
[80%] Routing Phase 2 completed
[90%] Routing Phase 3 completed
Running timing analysis......
[95%] Timing analysis completed
Placement and routing completed
Bitstream generation in progress......
Bitstream generation completed
Running power analysis......
[100%] Power analysis completed
Generate file "Q:\Digital_IC_Design\VDHL_Experiment_Design_Course\HourTimer\impl\pnr\HourTimer.power.html" completed
Generate file "Q:\Digital_IC_Design\VDHL_Experiment_Design_Course\HourTimer\impl\pnr\HourTimer.pin.html" completed
Generate file "Q:\Digital_IC_Design\VDHL_Experiment_Design_Course\HourTimer\impl\pnr\HourTimer.rpt.html" completed
Generate file "Q:\Digital_IC_Design\VDHL_Experiment_Design_Course\HourTimer\impl\pnr\HourTimer.rpt.txt" completed
Generate file "Q:\Digital_IC_Design\VDHL_Experiment_Design_Course\HourTimer\impl\pnr\HourTimer.tr.html" completed
Wed Jun 12 00:24:40 2024

