GowinSynthesis start
Running parser ...
Analyzing VHDL file 'Q:\Digital_IC_Design\VDHL_Experiment_Design_Course\Ex421\src\Counter_3_Bit.vhd'
Analyzing entity 'counter_3_bit'("Q:\Digital_IC_Design\VDHL_Experiment_Design_Course\Ex421\src\Counter_3_Bit.vhd":5)
Analyzing architecture 'rtl_counter_3_bit'("Q:\Digital_IC_Design\VDHL_Experiment_Design_Course\Ex421\src\Counter_3_Bit.vhd":15)
Analyzing VHDL file 'Q:\Digital_IC_Design\VDHL_Experiment_Design_Course\Ex421\src\Devider_1Hz.vhd'
Analyzing entity 'devider_1hz'("Q:\Digital_IC_Design\VDHL_Experiment_Design_Course\Ex421\src\Devider_1Hz.vhd":5)
Analyzing architecture 'rtl_devider_1hz'("Q:\Digital_IC_Design\VDHL_Experiment_Design_Course\Ex421\src\Devider_1Hz.vhd":14)
Analyzing VHDL file 'Q:\Digital_IC_Design\VDHL_Experiment_Design_Course\Ex421\src\EnableSignal_1Hz.vhd'
Analyzing entity 'enablesignal_1hz'("Q:\Digital_IC_Design\VDHL_Experiment_Design_Course\Ex421\src\EnableSignal_1Hz.vhd":5)
Analyzing architecture 'rtl_401'("Q:\Digital_IC_Design\VDHL_Experiment_Design_Course\Ex421\src\EnableSignal_1Hz.vhd":13)
Analyzing VHDL file 'Q:\Digital_IC_Design\VDHL_Experiment_Design_Course\Ex421\src\FullCounter_3_Bit.vhd'
Analyzing entity 'fullcounter_3_bit'("Q:\Digital_IC_Design\VDHL_Experiment_Design_Course\Ex421\src\FullCounter_3_Bit.vhd":5)
Analyzing architecture 'rtl_fullcounter_3_bit'("Q:\Digital_IC_Design\VDHL_Experiment_Design_Course\Ex421\src\FullCounter_3_Bit.vhd":13)
Analyzing VHDL file 'Q:\Digital_IC_Design\VDHL_Experiment_Design_Course\Ex421\src\LED_Decoder_4_bit.vhd'
Analyzing entity 'led_decoder_3_bit'("Q:\Digital_IC_Design\VDHL_Experiment_Design_Course\Ex421\src\LED_Decoder_4_bit.vhd":28)
Analyzing architecture 'led_decoder_arch'("Q:\Digital_IC_Design\VDHL_Experiment_Design_Course\Ex421\src\LED_Decoder_4_bit.vhd":37)
Analyzing VHDL file 'Q:\Digital_IC_Design\VDHL_Experiment_Design_Course\Ex421\src\OSC_100Hz.vhd'
Analyzing entity 'osc_100hz'("Q:\Digital_IC_Design\VDHL_Experiment_Design_Course\Ex421\src\OSC_100Hz.vhd":5)
Analyzing architecture 'rtl_osc_100hz'("Q:\Digital_IC_Design\VDHL_Experiment_Design_Course\Ex421\src\OSC_100Hz.vhd":13)
Analyzing VHDL file 'Q:\Digital_IC_Design\VDHL_Experiment_Design_Course\Ex421\src\gowin_clkdiv\gowin_clkdiv5.vhd'
Analyzing entity 'gowin_clkdiv5'("Q:\Digital_IC_Design\VDHL_Experiment_Design_Course\Ex421\src\gowin_clkdiv\gowin_clkdiv5.vhd":13)
Analyzing architecture 'behavioral'("Q:\Digital_IC_Design\VDHL_Experiment_Design_Course\Ex421\src\gowin_clkdiv\gowin_clkdiv5.vhd":21)
Analyzing VHDL file 'Q:\Digital_IC_Design\VDHL_Experiment_Design_Course\Ex421\src\gowin_clkdiv\gowin_clkdiv8.vhd'
Analyzing entity 'gowin_clkdiv8'("Q:\Digital_IC_Design\VDHL_Experiment_Design_Course\Ex421\src\gowin_clkdiv\gowin_clkdiv8.vhd":13)
Analyzing architecture 'behavioral'("Q:\Digital_IC_Design\VDHL_Experiment_Design_Course\Ex421\src\gowin_clkdiv\gowin_clkdiv8.vhd":21)
Analyzing VHDL file 'Q:\Digital_IC_Design\VDHL_Experiment_Design_Course\Ex421\src\gowin_osc\gowin_osc.vhd'
Analyzing entity 'gowin_osc'("Q:\Digital_IC_Design\VDHL_Experiment_Design_Course\Ex421\src\gowin_osc\gowin_osc.vhd":13)
Analyzing architecture 'behavioral'("Q:\Digital_IC_Design\VDHL_Experiment_Design_Course\Ex421\src\gowin_osc\gowin_osc.vhd":19)
Processing 'FullCounter_3_Bit(RTL_FullCounter_3_Bit)'("Q:\Digital_IC_Design\VDHL_Experiment_Design_Course\Ex421\src\FullCounter_3_Bit.vhd":5)
Processing 'LED_Decoder_3_Bit(LED_Decoder_Arch)'("Q:\Digital_IC_Design\VDHL_Experiment_Design_Course\Ex421\src\LED_Decoder_4_bit.vhd":28)
Processing 'OSC_100Hz(RTL_OSC_100Hz)'("Q:\Digital_IC_Design\VDHL_Experiment_Design_Course\Ex421\src\OSC_100Hz.vhd":5)
Processing 'Gowin_OSC(Behavioral)'("Q:\Digital_IC_Design\VDHL_Experiment_Design_Course\Ex421\src\gowin_osc\gowin_osc.vhd":13)
Processing 'Gowin_CLKDIV5(Behavioral)'("Q:\Digital_IC_Design\VDHL_Experiment_Design_Course\Ex421\src\gowin_clkdiv\gowin_clkdiv5.vhd":13)
Processing 'Gowin_CLKDIV8(Behavioral)'("Q:\Digital_IC_Design\VDHL_Experiment_Design_Course\Ex421\src\gowin_clkdiv\gowin_clkdiv8.vhd":13)
Processing 'Counter_3_Bit(RTL_Counter_3_Bit)'("Q:\Digital_IC_Design\VDHL_Experiment_Design_Course\Ex421\src\Counter_3_Bit.vhd":5)
Processing 'Devider_1Hz(RTL_Devider_1Hz)'("Q:\Digital_IC_Design\VDHL_Experiment_Design_Course\Ex421\src\Devider_1Hz.vhd":5)
NOTE  (EX0101) : Current top module is "FullCounter_3_Bit"
[5%] Running netlist conversion ...
WARN  (CV0016) : Input pause is unused("Q:\Digital_IC_Design\VDHL_Experiment_Design_Course\Ex421\src\FullCounter_3_Bit.vhd":8)
Running device independent optimization ...
[10%] Optimizing Phase 0 completed
[15%] Optimizing Phase 1 completed
[25%] Optimizing Phase 2 completed
Running inference ...
[30%] Inferring Phase 0 completed
[40%] Inferring Phase 1 completed
[50%] Inferring Phase 2 completed
[55%] Inferring Phase 3 completed
Running technical mapping ...
[60%] Tech-Mapping Phase 0 completed
[65%] Tech-Mapping Phase 1 completed
[75%] Tech-Mapping Phase 2 completed
[80%] Tech-Mapping Phase 3 completed
[90%] Tech-Mapping Phase 4 completed
[95%] Generate netlist file "Q:\Digital_IC_Design\VDHL_Experiment_Design_Course\Ex421\impl\gwsynthesis\Ex421.vg" completed
[100%] Generate report file "Q:\Digital_IC_Design\VDHL_Experiment_Design_Course\Ex421\impl\gwsynthesis\Ex421_syn.rpt.html" completed
GowinSynthesis finish
