GowinSynthesis start
Running parser ...
Analyzing VHDL file 'Q:\Digital_IC_Design\VDHL_Experiment_Design_Course\LCD_display_Counter\src\BCD_counter.vhd'
Analyzing entity 'bcd_counter'("Q:\Digital_IC_Design\VDHL_Experiment_Design_Course\LCD_display_Counter\src\BCD_counter.vhd":5)
Analyzing architecture 'rtl_bcd_counter'("Q:\Digital_IC_Design\VDHL_Experiment_Design_Course\LCD_display_Counter\src\BCD_counter.vhd":16)
Analyzing VHDL file 'Q:\Digital_IC_Design\VDHL_Experiment_Design_Course\LCD_display_Counter\src\gowin_clkdiv\gowin_clkdiv5.vhd'
Analyzing entity 'gowin_clkdiv'("Q:\Digital_IC_Design\VDHL_Experiment_Design_Course\LCD_display_Counter\src\gowin_clkdiv\gowin_clkdiv5.vhd":13)
Analyzing architecture 'behavioral'("Q:\Digital_IC_Design\VDHL_Experiment_Design_Course\LCD_display_Counter\src\gowin_clkdiv\gowin_clkdiv5.vhd":21)
Analyzing VHDL file 'Q:\Digital_IC_Design\VDHL_Experiment_Design_Course\LCD_display_Counter\src\gowin_clkdiv\gowin_clkdiv8.vhd'
Analyzing entity 'gowin_clkdiv'("Q:\Digital_IC_Design\VDHL_Experiment_Design_Course\LCD_display_Counter\src\gowin_clkdiv\gowin_clkdiv8.vhd":13)
Analyzing architecture 'behavioral_clk_div8'("Q:\Digital_IC_Design\VDHL_Experiment_Design_Course\LCD_display_Counter\src\gowin_clkdiv\gowin_clkdiv8.vhd":21)
Analyzing VHDL file 'Q:\Digital_IC_Design\VDHL_Experiment_Design_Course\LCD_display_Counter\src\gowin_osc\gowin_osc.vhd'
Analyzing entity 'gowin_osc'("Q:\Digital_IC_Design\VDHL_Experiment_Design_Course\LCD_display_Counter\src\gowin_osc\gowin_osc.vhd":13)
Analyzing architecture 'behavioral'("Q:\Digital_IC_Design\VDHL_Experiment_Design_Course\LCD_display_Counter\src\gowin_osc\gowin_osc.vhd":19)
Analyzing VHDL file 'Q:\Digital_IC_Design\VDHL_Experiment_Design_Course\LCD_display_Counter\src\lcd_controller\LCD_GAN_DULIEU_HIENTHI.vhd'
Analyzing entity 'lcd_gan_dulieu_hienthi'("Q:\Digital_IC_Design\VDHL_Experiment_Design_Course\LCD_display_Counter\src\lcd_controller\LCD_GAN_DULIEU_HIENTHI.vhd":7)
Analyzing architecture 'behavioral'("Q:\Digital_IC_Design\VDHL_Experiment_Design_Course\LCD_display_Counter\src\lcd_controller\LCD_GAN_DULIEU_HIENTHI.vhd":16)
Analyzing VHDL file 'Q:\Digital_IC_Design\VDHL_Experiment_Design_Course\LCD_display_Counter\src\lcd_controller\lcd_controller.vhd'
Analyzing entity 'lcd_controller'("Q:\Digital_IC_Design\VDHL_Experiment_Design_Course\LCD_display_Counter\src\lcd_controller\lcd_controller.vhd":5)
Analyzing architecture 'rtl_lcd_controller'("Q:\Digital_IC_Design\VDHL_Experiment_Design_Course\LCD_display_Counter\src\lcd_controller\lcd_controller.vhd":27)
Analyzing VHDL file 'Q:\Digital_IC_Design\VDHL_Experiment_Design_Course\LCD_display_Counter\src\lcd_controller\user_logic_system.vhd'
Analyzing entity 'user_logic_system'("Q:\Digital_IC_Design\VDHL_Experiment_Design_Course\LCD_display_Counter\src\lcd_controller\user_logic_system.vhd":5)
Analyzing architecture 'rtl_logic_user_system'("Q:\Digital_IC_Design\VDHL_Experiment_Design_Course\LCD_display_Counter\src\lcd_controller\user_logic_system.vhd":19)
Analyzing VHDL file 'Q:\Digital_IC_Design\VDHL_Experiment_Design_Course\LCD_display_Counter\src\sys\Enable_1Hz.vhd'
Analyzing entity 'enable_1hz'("Q:\Digital_IC_Design\VDHL_Experiment_Design_Course\LCD_display_Counter\src\sys\Enable_1Hz.vhd":5)
Analyzing architecture 'rtl_devider_1hz'("Q:\Digital_IC_Design\VDHL_Experiment_Design_Course\LCD_display_Counter\src\sys\Enable_1Hz.vhd":13)
Analyzing VHDL file 'Q:\Digital_IC_Design\VDHL_Experiment_Design_Course\LCD_display_Counter\src\main_system.vhd'
Analyzing entity 'main_system'("Q:\Digital_IC_Design\VDHL_Experiment_Design_Course\LCD_display_Counter\src\main_system.vhd":5)
Analyzing architecture 'rtl_main_system'("Q:\Digital_IC_Design\VDHL_Experiment_Design_Course\LCD_display_Counter\src\main_system.vhd":18)
Processing 'main_system(RTL_main_system)'("Q:\Digital_IC_Design\VDHL_Experiment_Design_Course\LCD_display_Counter\src\main_system.vhd":5)
Processing 'Gowin_OSC(Behavioral)'("Q:\Digital_IC_Design\VDHL_Experiment_Design_Course\LCD_display_Counter\src\gowin_osc\gowin_osc.vhd":13)
Processing 'Enable_1Hz(RTL_Devider_1Hz)'("Q:\Digital_IC_Design\VDHL_Experiment_Design_Course\LCD_display_Counter\src\sys\Enable_1Hz.vhd":5)
Processing 'BCD_counter(RTL_bcd_counter)'("Q:\Digital_IC_Design\VDHL_Experiment_Design_Course\LCD_display_Counter\src\BCD_counter.vhd":5)
Processing 'LCD_GAN_DULIEU_HIENTHI(Behavioral)'("Q:\Digital_IC_Design\VDHL_Experiment_Design_Course\LCD_display_Counter\src\lcd_controller\LCD_GAN_DULIEU_HIENTHI.vhd":7)
Processing 'user_logic_system(RTL_logic_user_system)'("Q:\Digital_IC_Design\VDHL_Experiment_Design_Course\LCD_display_Counter\src\lcd_controller\user_logic_system.vhd":5)
Processing 'lcd_controller(RTL_LCD_controller)'("Q:\Digital_IC_Design\VDHL_Experiment_Design_Course\LCD_display_Counter\src\lcd_controller\lcd_controller.vhd":5)
'others' clause is never selected("Q:\Digital_IC_Design\VDHL_Experiment_Design_Course\LCD_display_Counter\src\lcd_controller\lcd_controller.vhd":158)
NOTE  (EX0101) : Current top module is "main_system"
[5%] Running netlist conversion ...
Running device independent optimization ...
[10%] Optimizing Phase 0 completed
[15%] Optimizing Phase 1 completed
[25%] Optimizing Phase 2 completed
Running inference ...
[30%] Inferring Phase 0 completed
[40%] Inferring Phase 1 completed
[50%] Inferring Phase 2 completed
[55%] Inferring Phase 3 completed
Running technical mapping ...
[60%] Tech-Mapping Phase 0 completed
[65%] Tech-Mapping Phase 1 completed
[75%] Tech-Mapping Phase 2 completed
[80%] Tech-Mapping Phase 3 completed
[90%] Tech-Mapping Phase 4 completed
WARN  (NL0002) : The module "LCD_GAN_DULIEU_HIENTHI" instantiated to "lcd_gan_dulieu_hienthi_inst" is swept in optimizing("Q:\Digital_IC_Design\VDHL_Experiment_Design_Course\LCD_display_Counter\src\main_system.vhd":49)
[95%] Generate netlist file "Q:\Digital_IC_Design\VDHL_Experiment_Design_Course\LCD_display_Counter\impl\gwsynthesis\LCD_display_Counter.vg" completed
[100%] Generate report file "Q:\Digital_IC_Design\VDHL_Experiment_Design_Course\LCD_display_Counter\impl\gwsynthesis\LCD_display_Counter_syn.rpt.html" completed
GowinSynthesis finish
