Reading netlist file: "Q:\Digital_IC_Design\VDHL_Experiment_Design_Course\Debouncer\impl\gwsynthesis\Debouncer.vg"
Parsing netlist file "Q:\Digital_IC_Design\VDHL_Experiment_Design_Course\Debouncer\impl\gwsynthesis\Debouncer.vg" completed
Processing netlist completed
Reading constraint file: "Q:\Digital_IC_Design\VDHL_Experiment_Design_Course\Debouncer\src\Debouncer.cst"
ERROR  (CT1135) : "Q:\Digital_IC_Design\VDHL_Experiment_Design_Course\Debouncer\src\Debouncer.cst":1 | Can't find object named 'led[6]'
ERROR  (CT1135) : "Q:\Digital_IC_Design\VDHL_Experiment_Design_Course\Debouncer\src\Debouncer.cst":2 | Can't find object named 'led[6]'
ERROR  (CT1135) : "Q:\Digital_IC_Design\VDHL_Experiment_Design_Course\Debouncer\src\Debouncer.cst":3 | Can't find object named 'led[5]'
ERROR  (CT1135) : "Q:\Digital_IC_Design\VDHL_Experiment_Design_Course\Debouncer\src\Debouncer.cst":4 | Can't find object named 'led[5]'
ERROR  (CT1135) : "Q:\Digital_IC_Design\VDHL_Experiment_Design_Course\Debouncer\src\Debouncer.cst":5 | Can't find object named 'led[4]'
ERROR  (CT1135) : "Q:\Digital_IC_Design\VDHL_Experiment_Design_Course\Debouncer\src\Debouncer.cst":6 | Can't find object named 'led[4]'
ERROR  (CT1135) : "Q:\Digital_IC_Design\VDHL_Experiment_Design_Course\Debouncer\src\Debouncer.cst":7 | Can't find object named 'led[3]'
ERROR  (CT1135) : "Q:\Digital_IC_Design\VDHL_Experiment_Design_Course\Debouncer\src\Debouncer.cst":8 | Can't find object named 'led[3]'
ERROR  (CT1135) : "Q:\Digital_IC_Design\VDHL_Experiment_Design_Course\Debouncer\src\Debouncer.cst":9 | Can't find object named 'led[2]'
ERROR  (CT1135) : "Q:\Digital_IC_Design\VDHL_Experiment_Design_Course\Debouncer\src\Debouncer.cst":10 | Can't find object named 'led[2]'
ERROR  (CT1135) : "Q:\Digital_IC_Design\VDHL_Experiment_Design_Course\Debouncer\src\Debouncer.cst":11 | Can't find object named 'led[1]'
ERROR  (CT1135) : "Q:\Digital_IC_Design\VDHL_Experiment_Design_Course\Debouncer\src\Debouncer.cst":12 | Can't find object named 'led[1]'
ERROR  (CT1135) : "Q:\Digital_IC_Design\VDHL_Experiment_Design_Course\Debouncer\src\Debouncer.cst":13 | Can't find object named 'led[0]'
ERROR  (CT1135) : "Q:\Digital_IC_Design\VDHL_Experiment_Design_Course\Debouncer\src\Debouncer.cst":14 | Can't find object named 'led[0]'
ERROR  (CT1135) : "Q:\Digital_IC_Design\VDHL_Experiment_Design_Course\Debouncer\src\Debouncer.cst":17 | Can't find object named 'button'
ERROR  (CT1135) : "Q:\Digital_IC_Design\VDHL_Experiment_Design_Course\Debouncer\src\Debouncer.cst":18 | Can't find object named 'button'
Physical Constraint parsed completed with errors
