Reading netlist file: "Q:\Digital_IC_Design\VDHL_Experiment_Design_Course\FSMD_Multiplier\impl\gwsynthesis\FSMD_Multiplier.vg"
Parsing netlist file "Q:\Digital_IC_Design\VDHL_Experiment_Design_Course\FSMD_Multiplier\impl\gwsynthesis\FSMD_Multiplier.vg" completed
Processing netlist completed
Running placement......
[10%] Placement Phase 0 completed
[20%] Placement Phase 1 completed
[30%] Placement Phase 2 completed
[50%] Placement Phase 3 completed
Running routing......
[60%] Routing Phase 0 completed
[70%] Routing Phase 1 completed
[80%] Routing Phase 2 completed
[90%] Routing Phase 3 completed
Running timing analysis......
[95%] Timing analysis completed
Placement and routing completed
Bitstream generation in progress......
Bitstream generation completed
Running power analysis......
[100%] Power analysis completed
Generate file "Q:\Digital_IC_Design\VDHL_Experiment_Design_Course\FSMD_Multiplier\impl\pnr\FSMD_Multiplier.power.html" completed
Generate file "Q:\Digital_IC_Design\VDHL_Experiment_Design_Course\FSMD_Multiplier\impl\pnr\FSMD_Multiplier.pin.html" completed
Generate file "Q:\Digital_IC_Design\VDHL_Experiment_Design_Course\FSMD_Multiplier\impl\pnr\FSMD_Multiplier.rpt.html" completed
Generate file "Q:\Digital_IC_Design\VDHL_Experiment_Design_Course\FSMD_Multiplier\impl\pnr\FSMD_Multiplier.rpt.txt" completed
Generate file "Q:\Digital_IC_Design\VDHL_Experiment_Design_Course\FSMD_Multiplier\impl\pnr\FSMD_Multiplier.tr.html" completed
Wed Jun 12 19:59:06 2024

