Reading netlist file: "Q:\Digital_IC_Design\VDHL_Experiment_Design_Course\Ex401\impl\gwsynthesis\Ex401.vg"
Parsing netlist file "Q:\Digital_IC_Design\VDHL_Experiment_Design_Course\Ex401\impl\gwsynthesis\Ex401.vg" completed
Processing netlist completed
Reading constraint file: "Q:\Digital_IC_Design\VDHL_Experiment_Design_Course\Ex401\src\Ex401.cst"
Physical Constraint parsed completed
Running placement......
[10%] Placement Phase 0 completed
[20%] Placement Phase 1 completed
[30%] Placement Phase 2 completed
[50%] Placement Phase 3 completed
Running routing......
[60%] Routing Phase 0 completed
[70%] Routing Phase 1 completed
[80%] Routing Phase 2 completed
[90%] Routing Phase 3 completed
Running timing analysis......
[95%] Timing analysis completed
Placement and routing completed
Bitstream generation in progress......
Bitstream generation completed
Running power analysis......
[100%] Power analysis completed
Generate file "Q:\Digital_IC_Design\VDHL_Experiment_Design_Course\Ex401\impl\pnr\Ex401.power.html" completed
Generate file "Q:\Digital_IC_Design\VDHL_Experiment_Design_Course\Ex401\impl\pnr\Ex401.pin.html" completed
Generate file "Q:\Digital_IC_Design\VDHL_Experiment_Design_Course\Ex401\impl\pnr\Ex401.rpt.html" completed
Generate file "Q:\Digital_IC_Design\VDHL_Experiment_Design_Course\Ex401\impl\pnr\Ex401.rpt.txt" completed
Generate file "Q:\Digital_IC_Design\VDHL_Experiment_Design_Course\Ex401\impl\pnr\Ex401.tr.html" completed
Sat Jun 01 03:03:21 2024

